2025-08-09 11:54:37 - INFO - Succesfully read the YAML file
2025-08-09 11:54:37 - INFO - Data Ingestion started with mlops-hotel-project1 and file is  Hotel_Reservations.csv
2025-08-09 11:54:37 - INFO - Starting data ingestion process
2025-08-09 11:54:41 - ERROR - Error while downloading the csv file
2025-08-09 11:54:41 - ERROR - CustomException : Error occurred in script: [/Users/sanal.k/Downloads/mlproject1/src/data_ingestion.py] at line number: [29] with message: [Failed to downlaod csv file ]
2025-08-09 11:54:41 - INFO - Data ingestion completed
2025-08-09 11:54:41 - INFO - Succesfully read the YAML file
2025-08-09 11:54:41 - INFO - Loading data from RAW directory
2025-08-09 11:54:41 - INFO - Loading data
2025-08-09 11:54:41 - INFO - Loading data
2025-08-09 11:54:41 - INFO - Starting data preprocessing step
2025-08-09 11:54:41 - INFO - Droppping the columns
2025-08-09 11:54:41 - INFO - Applying label encoding to categorical columns
2025-08-09 11:54:41 - INFO - Label encoding completed
2025-08-09 11:54:41 - INFO - Mappings for type_of_meal_plan: {'Meal Plan 1': np.int64(0), 'Meal Plan 2': np.int64(1), 'Meal Plan 3': np.int64(2), 'Not Selected': np.int64(3)}
2025-08-09 11:54:41 - INFO - Mappings for required_car_parking_space: {np.int64(0): np.int64(0), np.int64(1): np.int64(1)}
2025-08-09 11:54:41 - INFO - Mappings for room_type_reserved: {'Room_Type 1': np.int64(0), 'Room_Type 2': np.int64(1), 'Room_Type 3': np.int64(2), 'Room_Type 4': np.int64(3), 'Room_Type 5': np.int64(4), 'Room_Type 6': np.int64(5), 'Room_Type 7': np.int64(6)}
2025-08-09 11:54:41 - INFO - Mappings for market_segment_type: {'Aviation': np.int64(0), 'Complementary': np.int64(1), 'Corporate': np.int64(2), 'Offline': np.int64(3), 'Online': np.int64(4)}
2025-08-09 11:54:41 - INFO - Mappings for repeated_guest: {np.int64(0): np.int64(0), np.int64(1): np.int64(1)}
2025-08-09 11:54:41 - INFO - Mappings for booking_status: {'Canceled': np.int64(0), 'Not_Canceled': np.int64(1)}
2025-08-09 11:54:41 - INFO - Doing skewness handling
2025-08-09 11:54:41 - INFO - Applied log transformation to no_of_previous_cancellations due to skewness
2025-08-09 11:54:41 - INFO - Starting data preprocessing step
2025-08-09 11:54:41 - INFO - Droppping the columns
2025-08-09 11:54:41 - INFO - Applying label encoding to categorical columns
2025-08-09 11:54:41 - INFO - Label encoding completed
2025-08-09 11:54:41 - INFO - Mappings for type_of_meal_plan: {'Meal Plan 1': np.int64(0), 'Meal Plan 2': np.int64(1), 'Meal Plan 3': np.int64(2), 'Not Selected': np.int64(3)}
2025-08-09 11:54:41 - INFO - Mappings for required_car_parking_space: {np.int64(0): np.int64(0), np.int64(1): np.int64(1)}
2025-08-09 11:54:41 - INFO - Mappings for room_type_reserved: {'Room_Type 1': np.int64(0), 'Room_Type 2': np.int64(1), 'Room_Type 3': np.int64(2), 'Room_Type 4': np.int64(3), 'Room_Type 5': np.int64(4), 'Room_Type 6': np.int64(5), 'Room_Type 7': np.int64(6)}
2025-08-09 11:54:41 - INFO - Mappings for market_segment_type: {'Aviation': np.int64(0), 'Complementary': np.int64(1), 'Corporate': np.int64(2), 'Offline': np.int64(3), 'Online': np.int64(4)}
2025-08-09 11:54:41 - INFO - Mappings for repeated_guest: {np.int64(0): np.int64(0), np.int64(1): np.int64(1)}
2025-08-09 11:54:41 - INFO - Mappings for booking_status: {'Canceled': np.int64(0), 'Not_Canceled': np.int64(1)}
2025-08-09 11:54:41 - INFO - Doing skewness handling
2025-08-09 11:54:41 - INFO - Applied log transformation to no_of_previous_cancellations due to skewness
2025-08-09 11:54:41 - INFO - Handling Imbalanced data
2025-08-09 11:54:41 - INFO - Imbalanced data handling completed
2025-08-09 11:54:41 - INFO - Handling Imbalanced data
2025-08-09 11:54:41 - INFO - Imbalanced data handling completed
2025-08-09 11:54:41 - INFO - Starting our Feature selection step
2025-08-09 11:54:43 - INFO - Features selected : ['lead_time' 'no_of_special_requests' 'avg_price_per_room' 'arrival_month'
 'arrival_date' 'market_segment_type' 'no_of_week_nights'
 'no_of_weekend_nights' 'type_of_meal_plan' 'room_type_reserved']
2025-08-09 11:54:43 - INFO - Feature slection completed sucesfully
2025-08-09 11:54:43 - INFO - Saving our data in processed folder
2025-08-09 11:54:43 - INFO - Data saved sucesfuly to artifacts/processed/processed_train.csv
2025-08-09 11:54:43 - INFO - Saving our data in processed folder
2025-08-09 11:54:43 - INFO - Data saved sucesfuly to artifacts/processed/processed_test.csv
2025-08-09 11:54:43 - INFO - Data processing completed sucesfully
2025-08-09 11:54:44 - INFO - Started model training
2025-08-09 11:54:44 - INFO - Starting our MLflow experimentation
2025-08-09 11:54:44 - INFO - Logging the training and testing dataset to MLflow
2025-08-09 11:54:44 - INFO - Loading data from artifacts/processed/processed_train.csv
2025-08-09 11:54:44 - INFO - Loading data
2025-08-09 11:54:44 - INFO - Loading data from artifacts/processed/processed_test.csv
2025-08-09 11:54:44 - INFO - Loading data
2025-08-09 11:54:44 - INFO - Data loaded and split into features and target variable
2025-08-09 11:54:44 - INFO - Initializing the LightGBM model with default/fixed parameters
2025-08-09 11:54:44 - INFO - Model training completed without hyperparameter tuning
2025-08-09 11:54:44 - INFO - Evaluating our model
2025-08-09 11:54:44 - INFO - Accuracy Score : 0.8580261593341261
2025-08-09 11:54:44 - INFO - Precision Score : 0.8427043022991122
2025-08-09 11:54:44 - INFO - Recall Score : 0.8803804994054697
2025-08-09 11:54:44 - INFO - F1 Score : 0.8611304954640614
2025-08-09 11:54:44 - INFO - Saving the model
2025-08-09 11:54:44 - INFO - Model saved to artifacts/models/lgbm_model.pkl
2025-08-09 11:54:44 - INFO - Logging the model to MLflow
2025-08-09 11:54:44 - INFO - Model training completed successfully
